2022-03-14T00:52:35.7645606 500 : [{"timestamp":"2022-03-14T04:52:35.724+00:00","status":500,"error":"Internal Server Error","message":"No message available","path":"/account/balance"}]
2022-03-14T00:56:55.8447705 500 : [{"timestamp":"2022-03-14T04:56:54.910+00:00","status":500,"error":"Internal Server Error","message":"No message available","path":"/account/balance"}]
2022-03-14T00:59:48.5771658 500 : [{"timestamp":"2022-03-14T04:59:48.287+00:00","status":500,"error":"Internal Server Error","message":"No message available","path":"/account/balance"}]
2022-03-14T01:04:13.8660772 500 : [{"timestamp":"2022-03-14T05:04:13.689+00:00","status":500,"error":"Internal Server Error","message":"No message available","path":"/account/balance"}]
2022-03-14T01:06:29.6580718 500 : [{"timestamp":"2022-03-14T05:06:29.288+00:00","status":500,"error":"Internal Server Error","message":"No message available","path":"/account/balance"}]
2022-03-14T02:07:32.5796843 500 : [{"timestamp":"2022-03-14T06:07:32.550+00:00","status":500,"error":"Internal Server Error","message":"No message available","path":"/account/balance"}]
2022-03-14T02:07:58.3871453 404 : [{"timestamp":"2022-03-14T06:07:58.381+00:00","status":404,"error":"Not Found","message":"No message available","path":"/account/transfers"}]
2022-03-14T02:08:09.6537228 500 : [{"timestamp":"2022-03-14T06:08:09.649+00:00","status":500,"error":"Internal Server Error","message":"No message available","path":"/account/balance"}]
2022-03-14T02:10:07.3999278 500 : [{"timestamp":"2022-03-14T06:10:07.376+00:00","status":500,"error":"Internal Server Error","message":"No message available","path":"/account/balance"}]
2022-03-14T02:10:26.8508044 404 : [{"timestamp":"2022-03-14T06:10:26.843+00:00","status":404,"error":"Not Found","message":"No message available","path":"/account/transfers/send"}]
2022-03-14T02:10:41.4112968 500 : [{"timestamp":"2022-03-14T06:10:41.408+00:00","status":500,"error":"Internal Server Error","message":"No message available","path":"/account/balance"}]
2022-03-14T02:20:23.7837107 500 : [{"timestamp":"2022-03-14T06:20:23.756+00:00","status":500,"error":"Internal Server Error","message":"No message available","path":"/account/balance"}]
2022-03-14T02:22:07.5942741 404 : [{"timestamp":"2022-03-14T06:22:07.547+00:00","status":404,"error":"Not Found","message":"No message available","path":"/account/transfers/send"}]
2022-03-14T02:44:01.565949 500 : [{"timestamp":"2022-03-14T06:44:01.142+00:00","status":500,"error":"Internal Server Error","message":"No message available","path":"/account/balance"}]
2022-03-14T02:45:07.7525693 404 : [{"timestamp":"2022-03-14T06:45:07.747+00:00","status":404,"error":"Not Found","message":"No message available","path":"/account/transfers/send"}]
2022-03-14T15:04:41.9791101 I/O error on POST request for "http://localhost:8080/login": Connection refused: connect; nested exception is java.net.ConnectException: Connection refused: connect
2022-03-14T15:04:48.7509749 I/O error on POST request for "http://localhost:8080/login": Connection refused: connect; nested exception is java.net.ConnectException: Connection refused: connect
2022-03-14T15:04:54.2834246 I/O error on POST request for "http://localhost:8080/register": Connection refused: connect; nested exception is java.net.ConnectException: Connection refused: connect
2022-03-14T15:05:38.5110546 401 : [no body]
2022-03-14T22:46:24.8207132 401 : [{"timestamp":"2022-03-15T02:46:24.780+00:00","status":401,"error":"Unauthorized","message":"Full authentication is required to access this resource","path":"/accounts"}]
2022-03-14T22:47:03.2986796 401 : [{"timestamp":"2022-03-15T02:47:03.260+00:00","status":401,"error":"Unauthorized","message":"Full authentication is required to access this resource","path":"/accounts"}]
2022-03-14T22:50:22.0635142 401 : [{"timestamp":"2022-03-15T02:50:22.038+00:00","status":401,"error":"Unauthorized","message":"Full authentication is required to access this resource","path":"/accounts"}]
